[debug] [2024-05-29T20:35:54.472Z] ----------------------------------------------------------------------
[debug] [2024-05-29T20:35:54.475Z] Command:       C:\Program Files\nodejs\node.exe C:\Users\jakea\AppData\Roaming\npm\node_modules\firebase-tools\lib\bin\firebase.js deploy
[debug] [2024-05-29T20:35:54.475Z] CLI Version:   13.9.0
[debug] [2024-05-29T20:35:54.475Z] Platform:      win32
[debug] [2024-05-29T20:35:54.475Z] Node Version:  v20.13.1
[debug] [2024-05-29T20:35:54.475Z] Time:          Wed May 29 2024 16:35:54 GMT-0400 (Eastern Daylight Time)
[debug] [2024-05-29T20:35:54.475Z] ----------------------------------------------------------------------
[debug] 
[debug] [2024-05-29T20:35:54.530Z] > command requires scopes: ["email","openid","https://www.googleapis.com/auth/cloudplatformprojects.readonly","https://www.googleapis.com/auth/firebase","https://www.googleapis.com/auth/cloud-platform"]
[debug] [2024-05-29T20:35:54.530Z] > authorizing via signed-in user (ja@holocomicsgroup.com)
[debug] [2024-05-29T20:35:54.530Z] [iam] checking project holocenter for permissions ["firebase.projects.get","firebasehosting.sites.update"]
[debug] [2024-05-29T20:35:54.532Z] > refreshing access token with scopes: []
[debug] [2024-05-29T20:35:54.533Z] >>> [apiv2][query] POST https://www.googleapis.com/oauth2/v3/token [none]
[debug] [2024-05-29T20:35:54.533Z] >>> [apiv2][body] POST https://www.googleapis.com/oauth2/v3/token [omitted]
[debug] [2024-05-29T20:35:54.702Z] <<< [apiv2][status] POST https://www.googleapis.com/oauth2/v3/token 200
[debug] [2024-05-29T20:35:54.703Z] <<< [apiv2][body] POST https://www.googleapis.com/oauth2/v3/token [omitted]
[debug] [2024-05-29T20:35:54.711Z] >>> [apiv2][query] POST https://cloudresourcemanager.googleapis.com/v1/projects/holocenter:testIamPermissions [none]
[debug] [2024-05-29T20:35:54.711Z] >>> [apiv2][(partial)header] POST https://cloudresourcemanager.googleapis.com/v1/projects/holocenter:testIamPermissions x-goog-quota-user=projects/holocenter
[debug] [2024-05-29T20:35:54.711Z] >>> [apiv2][body] POST https://cloudresourcemanager.googleapis.com/v1/projects/holocenter:testIamPermissions {"permissions":["firebase.projects.get","firebasehosting.sites.update"]}
[debug] [2024-05-29T20:35:54.943Z] <<< [apiv2][status] POST https://cloudresourcemanager.googleapis.com/v1/projects/holocenter:testIamPermissions 200
[debug] [2024-05-29T20:35:54.943Z] <<< [apiv2][body] POST https://cloudresourcemanager.googleapis.com/v1/projects/holocenter:testIamPermissions {"permissions":["firebase.projects.get","firebasehosting.sites.update"]}
[debug] [2024-05-29T20:35:54.944Z] >>> [apiv2][query] GET https://firebase.googleapis.com/v1beta1/projects/holocenter [none]
[debug] [2024-05-29T20:35:55.130Z] <<< [apiv2][status] GET https://firebase.googleapis.com/v1beta1/projects/holocenter 200
[debug] [2024-05-29T20:35:55.130Z] <<< [apiv2][body] GET https://firebase.googleapis.com/v1beta1/projects/holocenter {"projectId":"holocenter","projectNumber":"1027504110722","displayName":"HoloCenter","name":"projects/holocenter","resources":{"hostingSite":"holocenter","realtimeDatabaseInstance":"holocenter-default-rtdb"},"state":"ACTIVE","etag":"1_902e4632-4db5-495c-ad2a-81e79bd2e5ec"}
[info] 
[info] === Deploying to 'holocenter'...
[info] 
[info] i  deploying hosting 
[debug] [2024-05-29T20:35:55.134Z] >>> [apiv2][query] POST https://firebasehosting.googleapis.com/v1beta1/projects/-/sites/holocenter/versions [none]
[debug] [2024-05-29T20:35:55.134Z] >>> [apiv2][body] POST https://firebasehosting.googleapis.com/v1beta1/projects/-/sites/holocenter/versions {"status":"CREATED","labels":{"deployment-tool":"cli-firebase"}}
[debug] [2024-05-29T20:35:56.340Z] <<< [apiv2][status] POST https://firebasehosting.googleapis.com/v1beta1/projects/-/sites/holocenter/versions 200
